[2018-10-29T14:26:59.983] [INFO] pinus - [gate-server-1 application.js] application inited: "gate-server-1"
[2018-10-29T14:26:59.991] [INFO] pinus - [gate-server-1 application.js] "gate-server-1" enter before start...
[2018-10-29T14:26:59.993] [INFO] pinus - [gate-server-1 application.js] "gate-server-1" enter after start...
[2018-10-29T14:26:59.997] [INFO] pinus-admin - [gate-server-1 consoleService.js] try to connect master: "gate", "127.0.0.1", 3005
[2018-10-29T14:27:00.084] [ERROR] pinus-admin - [gate-server-1 monitorAgent.js] server "gate-server-1" "gate" register master failed:{"code":-1,"msg":"server auth failed"}Error
    at Object.pLogger.(anonymous function) [as error] (/Users/admin/pinusChat/myWebsocketChat/game-server/node_modules/pinus-logger/lib/logger.ts:59:34)
    at MqttClient.<anonymous> (/Users/admin/pinusChat/myWebsocketChat/game-server/node_modules/pinus-admin/lib/monitor/monitorAgent.ts:88:24)
    at emitOne (events.js:116:13)
    at MqttClient.emit (events.js:211:7)
    at Connection.<anonymous> (/Users/admin/pinusChat/myWebsocketChat/game-server/node_modules/pinus-admin/lib/protocol/mqtt/mqttClient.ts:104:18)
    at emitOne (events.js:116:13)
    at Connection.emit (events.js:211:7)
    at Connection.emitPacket (/Users/admin/pinusChat/myWebsocketChat/game-server/node_modules/mqtt-connection/connection.js:10:8)
    at emitOne (events.js:116:13)
    at Connection.emit (events.js:211:7)
    at addChunk (/Users/admin/pinusChat/myWebsocketChat/game-server/node_modules/readable-stream/lib/_stream_readable.js:291:12)
    at readableAddChunk (/Users/admin/pinusChat/myWebsocketChat/game-server/node_modules/readable-stream/lib/_stream_readable.js:278:11)
    at Connection.Readable.push (/Users/admin/pinusChat/myWebsocketChat/game-server/node_modules/readable-stream/lib/_stream_readable.js:245:10)
    at Connection.Duplexify._forward (/Users/admin/pinusChat/myWebsocketChat/game-server/node_modules/duplexify/index.js:170:26)
    at DestroyableTransform.onreadable (/Users/admin/pinusChat/myWebsocketChat/game-server/node_modules/duplexify/index.js:134:10)
    at emitNone (events.js:106:13)
[2018-10-29T14:27:00.087] [ERROR] pinus-admin - [gate-server-1 mqttClient.js] mqtt socket is disconnect, remote server host: 127.0.0.1, port: 3005Error
    at Object.pLogger.(anonymous function) [as error] (/Users/admin/pinusChat/myWebsocketChat/game-server/node_modules/pinus-logger/lib/logger.ts:59:34)
    at Connection.<anonymous> (/Users/admin/pinusChat/myWebsocketChat/game-server/node_modules/pinus-admin/lib/protocol/mqtt/mqttClient.ts:123:20)
    at emitOne (events.js:116:13)
    at Connection.emit (events.js:211:7)
    at Connection.emitPacket (/Users/admin/pinusChat/myWebsocketChat/game-server/node_modules/mqtt-connection/connection.js:10:8)
    at emitOne (events.js:116:13)
    at Connection.emit (events.js:211:7)
    at addChunk (/Users/admin/pinusChat/myWebsocketChat/game-server/node_modules/readable-stream/lib/_stream_readable.js:291:12)
    at readableAddChunk (/Users/admin/pinusChat/myWebsocketChat/game-server/node_modules/readable-stream/lib/_stream_readable.js:278:11)
    at Connection.Readable.push (/Users/admin/pinusChat/myWebsocketChat/game-server/node_modules/readable-stream/lib/_stream_readable.js:245:10)
    at Connection.Duplexify._forward (/Users/admin/pinusChat/myWebsocketChat/game-server/node_modules/duplexify/index.js:170:26)
    at DestroyableTransform.onreadable (/Users/admin/pinusChat/myWebsocketChat/game-server/node_modules/duplexify/index.js:134:10)
    at emitNone (events.js:106:13)
    at DestroyableTransform.emit (events.js:208:7)
    at emitReadable_ (/Users/admin/pinusChat/myWebsocketChat/game-server/node_modules/readable-stream/lib/_stream_readable.js:504:10)
    at emitReadable (/Users/admin/pinusChat/myWebsocketChat/game-server/node_modules/readable-stream/lib/_stream_readable.js:498:62)
[2018-10-29T14:27:01.092] [INFO] pinus-admin - [gate-server-1 mqttClient.js] reconnect delay 1 s
[2018-10-29T14:27:01.098] [DEBUG] pinus - [gate-server-1 monitorwatcher.js] gate-server-1 receive replaceServer signal: {"action":"replaceServer","servers":{"connector-server-1":{"main":"/Users/admin/pinusChat/myWebsocketChat/game-server/dist/app.js","env":"development","id":"connector-server-1","host":"127.0.0.1","port":3150,"clientHost":"127.0.0.1","clientPort":3010,"frontend":"true","args":" --inspect=10001","serverType":"connector","remoterPaths":[{"namespace":"sys","serverType":"connector","path":"/Users/admin/pinusChat/myWebsocketChat/game-server/node_modules/pinus/dist/lib/common/remote/frontend"},{"namespace":"user","serverType":"connector","path":"/Users/admin/pinusChat/myWebsocketChat/game-server/dist/app/servers/connector/remote"}],"handlerPaths":["/Users/admin/pinusChat/myWebsocketChat/game-server/dist/app/servers/connector/handler"],"pid":57291},"gate-server-1":{"main":"/Users/admin/pinusChat/myWebsocketChat/game-server/dist/app.js","env":"development","id":"gate-server-1","host":"127.0.0.1","clientPort":3014,"frontend":"true","args":"--inspect=10003","serverType":"gate","handlerPaths":["/Users/admin/pinusChat/myWebsocketChat/game-server/dist/app/servers/gate/handler"]}}}
[2018-10-29T14:27:01.102] [DEBUG] pinus - [gate-server-1 monitorwatcher.js] gate-server-1 receive replaceServer signal: {"action":"replaceServer","servers":{"connector-server-1":{"main":"/Users/admin/pinusChat/myWebsocketChat/game-server/dist/app.js","env":"development","id":"connector-server-1","host":"127.0.0.1","port":3150,"clientHost":"127.0.0.1","clientPort":3010,"frontend":"true","args":" --inspect=10001","serverType":"connector","remoterPaths":[{"namespace":"sys","serverType":"connector","path":"/Users/admin/pinusChat/myWebsocketChat/game-server/node_modules/pinus/dist/lib/common/remote/frontend"},{"namespace":"user","serverType":"connector","path":"/Users/admin/pinusChat/myWebsocketChat/game-server/dist/app/servers/connector/remote"}],"handlerPaths":["/Users/admin/pinusChat/myWebsocketChat/game-server/dist/app/servers/connector/handler"],"pid":57291},"gate-server-1":{"main":"/Users/admin/pinusChat/myWebsocketChat/game-server/dist/app.js","env":"development","id":"gate-server-1","host":"127.0.0.1","clientPort":3014,"frontend":"true","args":"--inspect=10003","serverType":"gate","handlerPaths":["/Users/admin/pinusChat/myWebsocketChat/game-server/dist/app/servers/gate/handler"]}}}
[2018-10-29T14:27:01.103] [DEBUG] pinus - [gate-server-1 monitorwatcher.js] [gate-server-1] receive addServer signal: {"action":"addServer","server":{"main":"/Users/admin/pinusChat/myWebsocketChat/game-server/dist/app.js","env":"development","id":"chat-server-1","host":"127.0.0.1","port":6050,"args":"--inspect=10002","serverType":"chat","remoterPaths":[{"namespace":"sys","serverType":"chat","path":"/Users/admin/pinusChat/myWebsocketChat/game-server/node_modules/pinus/dist/lib/common/remote/backend"}],"handlerPaths":[]}}
[2018-10-29T14:50:40.900] [INFO] pinus - [gate-server-1 application.js] application inited: "gate-server-1"
[2018-10-29T14:50:40.911] [INFO] pinus - [gate-server-1 application.js] "gate-server-1" enter before start...
[2018-10-29T14:50:40.912] [INFO] pinus - [gate-server-1 application.js] "gate-server-1" enter after start...
[2018-10-29T14:50:40.915] [INFO] pinus-admin - [gate-server-1 consoleService.js] try to connect master: "gate", "127.0.0.1", 3005
[2018-10-29T14:50:40.993] [ERROR] pinus-admin - [gate-server-1 monitorAgent.js] server "gate-server-1" "gate" register master failed:{"code":-1,"msg":"server auth failed"}Error
    at Object.pLogger.(anonymous function) [as error] (/Users/admin/pinusChat/myWebsocketChat/game-server/node_modules/pinus-logger/lib/logger.ts:59:34)
    at MqttClient.<anonymous> (/Users/admin/pinusChat/myWebsocketChat/game-server/node_modules/pinus-admin/lib/monitor/monitorAgent.ts:88:24)
    at emitOne (events.js:116:13)
    at MqttClient.emit (events.js:211:7)
    at Connection.<anonymous> (/Users/admin/pinusChat/myWebsocketChat/game-server/node_modules/pinus-admin/lib/protocol/mqtt/mqttClient.ts:104:18)
    at emitOne (events.js:116:13)
    at Connection.emit (events.js:211:7)
    at Connection.emitPacket (/Users/admin/pinusChat/myWebsocketChat/game-server/node_modules/mqtt-connection/connection.js:10:8)
    at emitOne (events.js:116:13)
    at Connection.emit (events.js:211:7)
    at addChunk (/Users/admin/pinusChat/myWebsocketChat/game-server/node_modules/readable-stream/lib/_stream_readable.js:291:12)
    at readableAddChunk (/Users/admin/pinusChat/myWebsocketChat/game-server/node_modules/readable-stream/lib/_stream_readable.js:278:11)
    at Connection.Readable.push (/Users/admin/pinusChat/myWebsocketChat/game-server/node_modules/readable-stream/lib/_stream_readable.js:245:10)
    at Connection.Duplexify._forward (/Users/admin/pinusChat/myWebsocketChat/game-server/node_modules/duplexify/index.js:170:26)
    at DestroyableTransform.onreadable (/Users/admin/pinusChat/myWebsocketChat/game-server/node_modules/duplexify/index.js:134:10)
    at emitNone (events.js:106:13)
[2018-10-29T14:50:40.996] [ERROR] pinus-admin - [gate-server-1 mqttClient.js] mqtt socket is disconnect, remote server host: 127.0.0.1, port: 3005Error
    at Object.pLogger.(anonymous function) [as error] (/Users/admin/pinusChat/myWebsocketChat/game-server/node_modules/pinus-logger/lib/logger.ts:59:34)
    at Connection.<anonymous> (/Users/admin/pinusChat/myWebsocketChat/game-server/node_modules/pinus-admin/lib/protocol/mqtt/mqttClient.ts:123:20)
    at emitOne (events.js:116:13)
    at Connection.emit (events.js:211:7)
    at Connection.emitPacket (/Users/admin/pinusChat/myWebsocketChat/game-server/node_modules/mqtt-connection/connection.js:10:8)
    at emitOne (events.js:116:13)
    at Connection.emit (events.js:211:7)
    at addChunk (/Users/admin/pinusChat/myWebsocketChat/game-server/node_modules/readable-stream/lib/_stream_readable.js:291:12)
    at readableAddChunk (/Users/admin/pinusChat/myWebsocketChat/game-server/node_modules/readable-stream/lib/_stream_readable.js:278:11)
    at Connection.Readable.push (/Users/admin/pinusChat/myWebsocketChat/game-server/node_modules/readable-stream/lib/_stream_readable.js:245:10)
    at Connection.Duplexify._forward (/Users/admin/pinusChat/myWebsocketChat/game-server/node_modules/duplexify/index.js:170:26)
    at DestroyableTransform.onreadable (/Users/admin/pinusChat/myWebsocketChat/game-server/node_modules/duplexify/index.js:134:10)
    at emitNone (events.js:106:13)
    at DestroyableTransform.emit (events.js:208:7)
    at emitReadable_ (/Users/admin/pinusChat/myWebsocketChat/game-server/node_modules/readable-stream/lib/_stream_readable.js:504:10)
    at emitReadable (/Users/admin/pinusChat/myWebsocketChat/game-server/node_modules/readable-stream/lib/_stream_readable.js:498:62)
[2018-10-29T14:50:42.001] [INFO] pinus-admin - [gate-server-1 mqttClient.js] reconnect delay 1 s
[2018-10-29T14:50:42.009] [DEBUG] pinus - [gate-server-1 monitorwatcher.js] gate-server-1 receive replaceServer signal: {"action":"replaceServer","servers":{"connector-server-1":{"main":"/Users/admin/pinusChat/myWebsocketChat/game-server/dist/app.js","env":"development","id":"connector-server-1","host":"127.0.0.1","port":3150,"clientHost":"127.0.0.1","clientPort":3010,"frontend":"true","args":" --inspect=10001","serverType":"connector","remoterPaths":[{"namespace":"sys","serverType":"connector","path":"/Users/admin/pinusChat/myWebsocketChat/game-server/node_modules/pinus/dist/lib/common/remote/frontend"},{"namespace":"user","serverType":"connector","path":"/Users/admin/pinusChat/myWebsocketChat/game-server/dist/app/servers/connector/remote"}],"handlerPaths":["/Users/admin/pinusChat/myWebsocketChat/game-server/dist/app/servers/connector/handler"],"pid":57518},"gate-server-1":{"main":"/Users/admin/pinusChat/myWebsocketChat/game-server/dist/app.js","env":"development","id":"gate-server-1","host":"127.0.0.1","clientPort":3014,"frontend":"true","args":"--inspect=10003","serverType":"gate","handlerPaths":["/Users/admin/pinusChat/myWebsocketChat/game-server/dist/app/servers/gate/handler"]}}}
[2018-10-29T14:50:42.014] [DEBUG] pinus - [gate-server-1 monitorwatcher.js] gate-server-1 receive replaceServer signal: {"action":"replaceServer","servers":{"connector-server-1":{"main":"/Users/admin/pinusChat/myWebsocketChat/game-server/dist/app.js","env":"development","id":"connector-server-1","host":"127.0.0.1","port":3150,"clientHost":"127.0.0.1","clientPort":3010,"frontend":"true","args":" --inspect=10001","serverType":"connector","remoterPaths":[{"namespace":"sys","serverType":"connector","path":"/Users/admin/pinusChat/myWebsocketChat/game-server/node_modules/pinus/dist/lib/common/remote/frontend"},{"namespace":"user","serverType":"connector","path":"/Users/admin/pinusChat/myWebsocketChat/game-server/dist/app/servers/connector/remote"}],"handlerPaths":["/Users/admin/pinusChat/myWebsocketChat/game-server/dist/app/servers/connector/handler"],"pid":57518},"gate-server-1":{"main":"/Users/admin/pinusChat/myWebsocketChat/game-server/dist/app.js","env":"development","id":"gate-server-1","host":"127.0.0.1","clientPort":3014,"frontend":"true","args":"--inspect=10003","serverType":"gate","handlerPaths":["/Users/admin/pinusChat/myWebsocketChat/game-server/dist/app/servers/gate/handler"]}}}
[2018-10-29T14:50:42.015] [DEBUG] pinus - [gate-server-1 monitorwatcher.js] [gate-server-1] receive addServer signal: {"action":"addServer","server":{"main":"/Users/admin/pinusChat/myWebsocketChat/game-server/dist/app.js","env":"development","id":"chat-server-1","host":"127.0.0.1","port":6050,"args":"--inspect=10002","serverType":"chat","remoterPaths":[{"namespace":"sys","serverType":"chat","path":"/Users/admin/pinusChat/myWebsocketChat/game-server/node_modules/pinus/dist/lib/common/remote/backend"},{"namespace":"user","serverType":"chat","path":"/Users/admin/pinusChat/myWebsocketChat/game-server/dist/app/servers/chat/remote"}],"handlerPaths":["/Users/admin/pinusChat/myWebsocketChat/game-server/dist/app/servers/chat/handler"]}}
[2018-10-29T14:54:31.290] [INFO] pinus - [gate-server-1 application.js] application inited: "gate-server-1"
[2018-10-29T14:54:31.300] [INFO] pinus - [gate-server-1 application.js] "gate-server-1" enter before start...
[2018-10-29T14:54:31.301] [INFO] pinus - [gate-server-1 application.js] "gate-server-1" enter after start...
[2018-10-29T14:54:31.304] [INFO] pinus-admin - [gate-server-1 consoleService.js] try to connect master: "gate", "127.0.0.1", 3005
[2018-10-29T14:54:31.400] [ERROR] logger - [gate-server-1 console] Caught exception: SyntaxError: /Users/admin/pinusChat/myWebsocketChat/game-server/dist/config/adminServer.json: Unexpected token m in JSON at position 0
    at JSON.parse (<anonymous>)
    at Object.Module._extensions..json (module.js:671:27)
    at Module.load (module.js:565:32)
    at tryModuleLoad (module.js:505:12)
    at Function.Module._load (module.js:497:3)
    at Module.require (module.js:596:17)
    at require (internal/module.js:11:18)
    at defaultAuthServerMonitor (/Users/admin/pinusChat/myWebsocketChat/game-server/node_modules/pinus-admin/lib/util/utils.ts:171:19)
    at MqttClient.<anonymous> (/Users/admin/pinusChat/myWebsocketChat/game-server/node_modules/pinus-admin/lib/monitor/monitorAgent.ts:149:13)
    at emitNone (events.js:106:13)
    at MqttClient.emit (events.js:208:7)
    at Connection.<anonymous> (/Users/admin/pinusChat/myWebsocketChat/game-server/node_modules/pinus-admin/lib/protocol/mqtt/mqttClient.ts:91:22)
    at emitOne (events.js:116:13)
    at Connection.emit (events.js:211:7)
    at Connection.emitPacket (/Users/admin/pinusChat/myWebsocketChat/game-server/node_modules/mqtt-connection/connection.js:10:8)
    at emitOne (events.js:116:13)Error
    at Object.pLogger.(anonymous function) [as error] (/Users/admin/pinusChat/myWebsocketChat/game-server/node_modules/pinus-logger/lib/logger.ts:59:34)
    at process.<anonymous> (/Users/admin/pinusChat/myWebsocketChat/game-server/preload.ts:32:17)
    at emitOne (events.js:116:13)
    at process.emit (events.js:211:7)
    at process._fatalException (bootstrap_node.js:378:26)
[2018-10-29T14:57:31.383] [ERROR] pinus-admin - [gate-server-1 mqttClient.js] mqtt rpc client checkKeepAlive error timeout for 120000Error
    at Object.pLogger.(anonymous function) [as error] (/Users/admin/pinusChat/myWebsocketChat/game-server/node_modules/pinus-logger/lib/logger.ts:59:34)
    at MqttClient.checkKeepAlive (/Users/admin/pinusChat/myWebsocketChat/game-server/node_modules/pinus-admin/lib/protocol/mqtt/mqttClient.ts:221:28)
    at Timeout._onTimeout (/Users/admin/pinusChat/myWebsocketChat/game-server/node_modules/pinus-admin/lib/protocol/mqtt/mqttClient.ts:207:18)
    at ontimeout (timers.js:498:11)
    at tryOnTimeout (timers.js:323:5)
    at Timer.listOnTimeout (timers.js:290:5)
[2018-10-29T14:58:52.135] [INFO] pinus - [gate-server-1 application.js] application inited: "gate-server-1"
[2018-10-29T14:58:52.143] [INFO] pinus - [gate-server-1 application.js] "gate-server-1" enter before start...
[2018-10-29T14:58:52.144] [INFO] pinus - [gate-server-1 application.js] "gate-server-1" enter after start...
[2018-10-29T14:58:52.147] [INFO] pinus-admin - [gate-server-1 consoleService.js] try to connect master: "gate", "127.0.0.1", 3005
[2018-10-29T14:58:52.223] [ERROR] logger - [gate-server-1 console] Caught exception: SyntaxError: /Users/admin/pinusChat/myWebsocketChat/game-server/dist/config/adminServer.json: Unexpected token m in JSON at position 0
    at JSON.parse (<anonymous>)
    at Object.Module._extensions..json (module.js:671:27)
    at Module.load (module.js:565:32)
    at tryModuleLoad (module.js:505:12)
    at Function.Module._load (module.js:497:3)
    at Module.require (module.js:596:17)
    at require (internal/module.js:11:18)
    at defaultAuthServerMonitor (/Users/admin/pinusChat/myWebsocketChat/game-server/node_modules/pinus-admin/lib/util/utils.ts:171:19)
    at MqttClient.<anonymous> (/Users/admin/pinusChat/myWebsocketChat/game-server/node_modules/pinus-admin/lib/monitor/monitorAgent.ts:149:13)
    at emitNone (events.js:106:13)
    at MqttClient.emit (events.js:208:7)
    at Connection.<anonymous> (/Users/admin/pinusChat/myWebsocketChat/game-server/node_modules/pinus-admin/lib/protocol/mqtt/mqttClient.ts:91:22)
    at emitOne (events.js:116:13)
    at Connection.emit (events.js:211:7)
    at Connection.emitPacket (/Users/admin/pinusChat/myWebsocketChat/game-server/node_modules/mqtt-connection/connection.js:10:8)
    at emitOne (events.js:116:13)Error
    at Object.pLogger.(anonymous function) [as error] (/Users/admin/pinusChat/myWebsocketChat/game-server/node_modules/pinus-logger/lib/logger.ts:59:34)
    at process.<anonymous> (/Users/admin/pinusChat/myWebsocketChat/game-server/preload.ts:32:17)
    at emitOne (events.js:116:13)
    at process.emit (events.js:211:7)
    at process._fatalException (bootstrap_node.js:378:26)
[2018-10-29T14:59:56.602] [INFO] pinus - [gate-server-1 application.js] application inited: "gate-server-1"
[2018-10-29T14:59:56.610] [INFO] pinus - [gate-server-1 application.js] "gate-server-1" enter before start...
[2018-10-29T14:59:56.611] [INFO] pinus - [gate-server-1 application.js] "gate-server-1" enter after start...
[2018-10-29T14:59:56.614] [INFO] pinus-admin - [gate-server-1 consoleService.js] try to connect master: "gate", "127.0.0.1", 3005
[2018-10-29T14:59:56.678] [INFO] pinus - [gate-server-1 application.js] "gate-server-1" enter after start...
[2018-10-29T14:59:56.681] [INFO] pinus - [gate-server-1 application.js] "gate-server-1" finish start
[2018-10-29T14:59:56.682] [INFO] pinus - [gate-server-1 application.js] "gate-server-1" startup in 76 ms
[2018-10-29T15:00:08.267] [DEBUG] pinus - [gate-server-1 connector.js] [gate-server-1] getSession session is created with session id: 1
[2018-10-29T15:00:08.277] [DEBUG] pinus - [gate-server-1 connector.js] [gate-server-1] send message reqId: 1, route: gate.gateHandler.queryEntry, msg: {"code":200,"host":"127.0.0.1","port":3010}, receivers: [1], opts: {"type":"response"}
[2018-10-29T15:00:08.282] [DEBUG] pinus - [gate-server-1 sessionService.js] session on [gate-server-1] is closed with session id: 1
[2018-10-29T15:00:29.167] [DEBUG] pinus - [gate-server-1 connector.js] [gate-server-1] getSession session is created with session id: 2
[2018-10-29T15:00:29.171] [DEBUG] pinus - [gate-server-1 connector.js] [gate-server-1] send message reqId: 1, route: gate.gateHandler.queryEntry, msg: {"code":200,"host":"127.0.0.1","port":3010}, receivers: [2], opts: {"type":"response"}
[2018-10-29T15:00:29.174] [DEBUG] pinus - [gate-server-1 sessionService.js] session on [gate-server-1] is closed with session id: 2
[2018-10-29T15:08:09.620] [INFO] pinus - [gate-server-1 protobuf.js] change proto file , type : "server", path : "/Users/admin/pinusChat/myWebsocketChat/game-server/dist/config/serverProtos.json", version : "2zWPnSlRsRxjqgcU215Uxg=="
[2018-10-29T15:08:15.721] [INFO] pinus - [gate-server-1 protobuf.js] change proto file , type : "server", path : "/Users/admin/pinusChat/myWebsocketChat/game-server/dist/config/serverProtos.json", version : "2zWPnSlRsRxjqgcU215Uxg=="
[2018-10-29T15:08:15.737] [INFO] pinus - [gate-server-1 protobuf.js] change proto file , type : "server", path : "/Users/admin/pinusChat/myWebsocketChat/game-server/dist/config/serverProtos.json", version : "2zWPnSlRsRxjqgcU215Uxg=="
[2018-10-29T15:08:44.210] [INFO] pinus - [gate-server-1 application.js] application inited: "gate-server-1"
[2018-10-29T15:08:44.220] [INFO] pinus - [gate-server-1 application.js] "gate-server-1" enter before start...
[2018-10-29T15:08:44.221] [INFO] pinus - [gate-server-1 application.js] "gate-server-1" enter after start...
[2018-10-29T15:08:44.224] [INFO] pinus-admin - [gate-server-1 consoleService.js] try to connect master: "gate", "127.0.0.1", 3005
[2018-10-29T15:08:44.285] [INFO] pinus - [gate-server-1 application.js] "gate-server-1" enter after start...
[2018-10-29T15:08:44.290] [INFO] pinus - [gate-server-1 application.js] "gate-server-1" finish start
[2018-10-29T15:08:44.290] [INFO] pinus - [gate-server-1 application.js] "gate-server-1" startup in 76 ms
[2018-10-29T15:08:44.291] [DEBUG] pinus - [gate-server-1 monitorwatcher.js] [gate-server-1] receive addServer signal: {"action":"addServer","server":{"main":"/Users/admin/pinusChat/myWebsocketChat/game-server/dist/app.js","env":"development","id":"chat-server-1","host":"127.0.0.1","port":6050,"args":"--inspect=10002","serverType":"chat","remoterPaths":[{"namespace":"sys","serverType":"chat","path":"/Users/admin/pinusChat/myWebsocketChat/game-server/node_modules/pinus/dist/lib/common/remote/backend"},{"namespace":"user","serverType":"chat","path":"/Users/admin/pinusChat/myWebsocketChat/game-server/dist/app/servers/chat/remote"}],"handlerPaths":["/Users/admin/pinusChat/myWebsocketChat/game-server/dist/app/servers/chat/handler"],"pid":57908}}
[2018-10-29T15:08:44.295] [DEBUG] pinus - [gate-server-1 monitorwatcher.js] [gate-server-1] receive addServer signal: {"action":"addServer","server":{"main":"/Users/admin/pinusChat/myWebsocketChat/game-server/dist/app.js","env":"development","id":"connector-server-1","host":"127.0.0.1","port":3150,"clientHost":"127.0.0.1","clientPort":3010,"frontend":"true","args":" --inspect=10001","serverType":"connector","remoterPaths":[{"namespace":"sys","serverType":"connector","path":"/Users/admin/pinusChat/myWebsocketChat/game-server/node_modules/pinus/dist/lib/common/remote/frontend"},{"namespace":"user","serverType":"connector","path":"/Users/admin/pinusChat/myWebsocketChat/game-server/dist/app/servers/connector/remote"}],"handlerPaths":["/Users/admin/pinusChat/myWebsocketChat/game-server/dist/app/servers/connector/handler"],"pid":57907}}
[2018-10-29T15:09:21.085] [DEBUG] pinus - [gate-server-1 connector.js] [gate-server-1] getSession session is created with session id: 1
[2018-10-29T15:09:21.093] [DEBUG] pinus - [gate-server-1 connector.js] [gate-server-1] send message reqId: 5, route: gate.gateHandler.queryEntry, msg: {"code":200,"host":"127.0.0.1","port":3010}, receivers: [1], opts: {"type":"response"}
[2018-10-29T15:09:21.097] [DEBUG] pinus - [gate-server-1 sessionService.js] session on [gate-server-1] is closed with session id: 1
