[2018-10-29T13:52:13.918] [INFO] pinus - [connector-server-1 application.js] application inited: "connector-server-1"
[2018-10-29T13:52:13.928] [INFO] pinus - [connector-server-1 application.js] "connector-server-1" enter before start...
[2018-10-29T13:52:13.929] [INFO] pinus - [connector-server-1 application.js] "connector-server-1" enter after start...
[2018-10-29T13:52:13.935] [INFO] pinus-admin - [connector-server-1 consoleService.js] try to connect master: "connector", "127.0.0.1", 3005
[2018-10-29T13:52:13.991] [INFO] pinus - [connector-server-1 application.js] "connector-server-1" enter after start...
[2018-10-29T13:52:13.995] [INFO] pinus - [connector-server-1 application.js] "connector-server-1" finish start
[2018-10-29T13:52:13.996] [INFO] pinus - [connector-server-1 application.js] "connector-server-1" startup in 73 ms
[2018-10-29T13:52:13.999] [WARN] logger - [connector-server-1 console] after start all server, use route dictionary :
 connector.entryHandler.entry
connector.entryHandler.publish
connector.entryHandler.subscribe
[2018-10-29T14:26:59.980] [INFO] pinus - [connector-server-1 application.js] application inited: "connector-server-1"
[2018-10-29T14:26:59.991] [INFO] pinus - [connector-server-1 application.js] "connector-server-1" enter before start...
[2018-10-29T14:26:59.992] [INFO] pinus - [connector-server-1 application.js] "connector-server-1" enter after start...
[2018-10-29T14:27:00.002] [INFO] pinus-admin - [connector-server-1 consoleService.js] try to connect master: "connector", "127.0.0.1", 3005
[2018-10-29T14:27:00.073] [INFO] pinus - [connector-server-1 application.js] "connector-server-1" enter after start...
[2018-10-29T14:27:00.077] [INFO] pinus - [connector-server-1 application.js] "connector-server-1" finish start
[2018-10-29T14:27:00.077] [INFO] pinus - [connector-server-1 application.js] "connector-server-1" startup in 92 ms
[2018-10-29T14:27:01.097] [DEBUG] pinus - [connector-server-1 monitorwatcher.js] [connector-server-1] receive addServer signal: {"action":"addServer","server":{"main":"/Users/admin/pinusChat/myWebsocketChat/game-server/dist/app.js","env":"development","id":"gate-server-1","host":"127.0.0.1","clientPort":3014,"frontend":"true","args":"--inspect=10003","serverType":"gate","handlerPaths":["/Users/admin/pinusChat/myWebsocketChat/game-server/dist/app/servers/gate/handler"]}}
[2018-10-29T14:27:01.102] [DEBUG] pinus - [connector-server-1 monitorwatcher.js] [connector-server-1] receive addServer signal: {"action":"addServer","server":{"main":"/Users/admin/pinusChat/myWebsocketChat/game-server/dist/app.js","env":"development","id":"chat-server-1","host":"127.0.0.1","port":6050,"args":"--inspect=10002","serverType":"chat","remoterPaths":[{"namespace":"sys","serverType":"chat","path":"/Users/admin/pinusChat/myWebsocketChat/game-server/node_modules/pinus/dist/lib/common/remote/backend"}],"handlerPaths":[]}}
[2018-10-29T14:50:40.907] [INFO] pinus - [connector-server-1 application.js] application inited: "connector-server-1"
[2018-10-29T14:50:40.916] [INFO] pinus - [connector-server-1 application.js] "connector-server-1" enter before start...
[2018-10-29T14:50:40.917] [INFO] pinus - [connector-server-1 application.js] "connector-server-1" enter after start...
[2018-10-29T14:50:40.923] [INFO] pinus-admin - [connector-server-1 consoleService.js] try to connect master: "connector", "127.0.0.1", 3005
[2018-10-29T14:50:40.985] [INFO] pinus - [connector-server-1 application.js] "connector-server-1" enter after start...
[2018-10-29T14:50:40.990] [INFO] pinus - [connector-server-1 application.js] "connector-server-1" finish start
[2018-10-29T14:50:40.990] [INFO] pinus - [connector-server-1 application.js] "connector-server-1" startup in 80 ms
[2018-10-29T14:50:42.009] [DEBUG] pinus - [connector-server-1 monitorwatcher.js] [connector-server-1] receive addServer signal: {"action":"addServer","server":{"main":"/Users/admin/pinusChat/myWebsocketChat/game-server/dist/app.js","env":"development","id":"gate-server-1","host":"127.0.0.1","clientPort":3014,"frontend":"true","args":"--inspect=10003","serverType":"gate","handlerPaths":["/Users/admin/pinusChat/myWebsocketChat/game-server/dist/app/servers/gate/handler"]}}
[2018-10-29T14:50:42.012] [DEBUG] pinus - [connector-server-1 monitorwatcher.js] [connector-server-1] receive addServer signal: {"action":"addServer","server":{"main":"/Users/admin/pinusChat/myWebsocketChat/game-server/dist/app.js","env":"development","id":"chat-server-1","host":"127.0.0.1","port":6050,"args":"--inspect=10002","serverType":"chat","remoterPaths":[{"namespace":"sys","serverType":"chat","path":"/Users/admin/pinusChat/myWebsocketChat/game-server/node_modules/pinus/dist/lib/common/remote/backend"},{"namespace":"user","serverType":"chat","path":"/Users/admin/pinusChat/myWebsocketChat/game-server/dist/app/servers/chat/remote"}],"handlerPaths":["/Users/admin/pinusChat/myWebsocketChat/game-server/dist/app/servers/chat/handler"]}}
[2018-10-29T14:54:31.299] [INFO] pinus - [connector-server-1 application.js] application inited: "connector-server-1"
[2018-10-29T14:54:31.307] [INFO] pinus - [connector-server-1 application.js] "connector-server-1" enter before start...
[2018-10-29T14:54:31.308] [INFO] pinus - [connector-server-1 application.js] "connector-server-1" enter after start...
[2018-10-29T14:54:31.316] [INFO] pinus-admin - [connector-server-1 consoleService.js] try to connect master: "connector", "127.0.0.1", 3005
[2018-10-29T14:54:31.412] [ERROR] logger - [connector-server-1 console] Caught exception: SyntaxError: /Users/admin/pinusChat/myWebsocketChat/game-server/dist/config/adminServer.json: Unexpected token m in JSON at position 0
    at JSON.parse (<anonymous>)
    at Object.Module._extensions..json (module.js:671:27)
    at Module.load (module.js:565:32)
    at tryModuleLoad (module.js:505:12)
    at Function.Module._load (module.js:497:3)
    at Module.require (module.js:596:17)
    at require (internal/module.js:11:18)
    at defaultAuthServerMonitor (/Users/admin/pinusChat/myWebsocketChat/game-server/node_modules/pinus-admin/lib/util/utils.ts:171:19)
    at MqttClient.<anonymous> (/Users/admin/pinusChat/myWebsocketChat/game-server/node_modules/pinus-admin/lib/monitor/monitorAgent.ts:149:13)
    at emitNone (events.js:106:13)
    at MqttClient.emit (events.js:208:7)
    at Connection.<anonymous> (/Users/admin/pinusChat/myWebsocketChat/game-server/node_modules/pinus-admin/lib/protocol/mqtt/mqttClient.ts:91:22)
    at emitOne (events.js:116:13)
    at Connection.emit (events.js:211:7)
    at Connection.emitPacket (/Users/admin/pinusChat/myWebsocketChat/game-server/node_modules/mqtt-connection/connection.js:10:8)
    at emitOne (events.js:116:13)Error
    at Object.pLogger.(anonymous function) [as error] (/Users/admin/pinusChat/myWebsocketChat/game-server/node_modules/pinus-logger/lib/logger.ts:59:34)
    at process.<anonymous> (/Users/admin/pinusChat/myWebsocketChat/game-server/preload.ts:32:17)
    at emitOne (events.js:116:13)
    at process.emit (events.js:211:7)
    at process._fatalException (bootstrap_node.js:378:26)
[2018-10-29T14:57:31.395] [ERROR] pinus-admin - [connector-server-1 mqttClient.js] mqtt rpc client checkKeepAlive error timeout for 120000Error
    at Object.pLogger.(anonymous function) [as error] (/Users/admin/pinusChat/myWebsocketChat/game-server/node_modules/pinus-logger/lib/logger.ts:59:34)
    at MqttClient.checkKeepAlive (/Users/admin/pinusChat/myWebsocketChat/game-server/node_modules/pinus-admin/lib/protocol/mqtt/mqttClient.ts:221:28)
    at Timeout._onTimeout (/Users/admin/pinusChat/myWebsocketChat/game-server/node_modules/pinus-admin/lib/protocol/mqtt/mqttClient.ts:207:18)
    at ontimeout (timers.js:498:11)
    at tryOnTimeout (timers.js:323:5)
    at Timer.listOnTimeout (timers.js:290:5)
[2018-10-29T14:58:52.134] [INFO] pinus - [connector-server-1 application.js] application inited: "connector-server-1"
[2018-10-29T14:58:52.143] [INFO] pinus - [connector-server-1 application.js] "connector-server-1" enter before start...
[2018-10-29T14:58:52.143] [INFO] pinus - [connector-server-1 application.js] "connector-server-1" enter after start...
[2018-10-29T14:58:52.150] [INFO] pinus-admin - [connector-server-1 consoleService.js] try to connect master: "connector", "127.0.0.1", 3005
[2018-10-29T14:58:52.233] [ERROR] logger - [connector-server-1 console] Caught exception: SyntaxError: /Users/admin/pinusChat/myWebsocketChat/game-server/dist/config/adminServer.json: Unexpected token m in JSON at position 0
    at JSON.parse (<anonymous>)
    at Object.Module._extensions..json (module.js:671:27)
    at Module.load (module.js:565:32)
    at tryModuleLoad (module.js:505:12)
    at Function.Module._load (module.js:497:3)
    at Module.require (module.js:596:17)
    at require (internal/module.js:11:18)
    at defaultAuthServerMonitor (/Users/admin/pinusChat/myWebsocketChat/game-server/node_modules/pinus-admin/lib/util/utils.ts:171:19)
    at MqttClient.<anonymous> (/Users/admin/pinusChat/myWebsocketChat/game-server/node_modules/pinus-admin/lib/monitor/monitorAgent.ts:149:13)
    at emitNone (events.js:106:13)
    at MqttClient.emit (events.js:208:7)
    at Connection.<anonymous> (/Users/admin/pinusChat/myWebsocketChat/game-server/node_modules/pinus-admin/lib/protocol/mqtt/mqttClient.ts:91:22)
    at emitOne (events.js:116:13)
    at Connection.emit (events.js:211:7)
    at Connection.emitPacket (/Users/admin/pinusChat/myWebsocketChat/game-server/node_modules/mqtt-connection/connection.js:10:8)
    at emitOne (events.js:116:13)Error
    at Object.pLogger.(anonymous function) [as error] (/Users/admin/pinusChat/myWebsocketChat/game-server/node_modules/pinus-logger/lib/logger.ts:59:34)
    at process.<anonymous> (/Users/admin/pinusChat/myWebsocketChat/game-server/preload.ts:32:17)
    at emitOne (events.js:116:13)
    at process.emit (events.js:211:7)
    at process._fatalException (bootstrap_node.js:378:26)
[2018-10-29T14:59:56.590] [INFO] pinus - [connector-server-1 application.js] application inited: "connector-server-1"
[2018-10-29T14:59:56.598] [INFO] pinus - [connector-server-1 application.js] "connector-server-1" enter before start...
[2018-10-29T14:59:56.599] [INFO] pinus - [connector-server-1 application.js] "connector-server-1" enter after start...
[2018-10-29T14:59:56.606] [INFO] pinus-admin - [connector-server-1 consoleService.js] try to connect master: "connector", "127.0.0.1", 3005
[2018-10-29T14:59:56.670] [INFO] pinus - [connector-server-1 application.js] "connector-server-1" enter after start...
[2018-10-29T14:59:56.675] [INFO] pinus - [connector-server-1 application.js] "connector-server-1" finish start
[2018-10-29T14:59:56.675] [INFO] pinus - [connector-server-1 application.js] "connector-server-1" startup in 82 ms
[2018-10-29T14:59:56.676] [DEBUG] pinus - [connector-server-1 monitorwatcher.js] [connector-server-1] receive addServer signal: {"action":"addServer","server":{"main":"/Users/admin/pinusChat/myWebsocketChat/game-server/dist/app.js","env":"development","id":"gate-server-1","host":"127.0.0.1","clientPort":3014,"frontend":"true","args":"--inspect=10003","serverType":"gate","handlerPaths":["/Users/admin/pinusChat/myWebsocketChat/game-server/dist/app/servers/gate/handler"],"pid":57816}}
[2018-10-29T14:59:56.686] [WARN] logger - [connector-server-1 console] after start all server, use route dictionary :
 chat.chatHandler.send
connector.entryHandler.enter
connector.entryHandler.onUserLeave
connector.entryHandler.publish
connector.entryHandler.subscribe
gate.gateHandler.queryEntry
[2018-10-29T15:00:08.297] [DEBUG] pinus - [connector-server-1 connector.js] [connector-server-1] getSession session is created with session id: 1
[2018-10-29T15:00:08.306] [DEBUG] pinus - [connector-server-1 connector.js] session on [connector-server-1] bind with uid: test*test
[2018-10-29T15:00:08.318] [DEBUG] pinus - [connector-server-1 connector.js] [connector-server-1] send message reqId: 2, route: connector.entryHandler.enter, msg: {"users":["test"]}, receivers: [1], opts: {"type":"response"}
[2018-10-29T15:00:14.413] [DEBUG] pinus - [connector-server-1 connector.js] [connector-server-1] send message reqId: 3, route: chat.chatHandler.send, msg: {}, receivers: [1], opts: {"type":"response"}
[2018-10-29T15:00:14.414] [INFO] logger - [connector-server-1 console] connected
[2018-10-29T15:00:14.416] [DEBUG] pinus - [connector-server-1 channelRemote.js] [connector-server-1] pushMessage uids: ["test*test"], msg: {"msg":"svbd","from":"test","target":"*"}, sids: [1]
[2018-10-29T15:00:14.417] [DEBUG] pinus - [connector-server-1 connector.js] [connector-server-1] send message reqId: null, route: onChat, msg: {"msg":"svbd","from":"test","target":"*"}, receivers: [1], opts: {"type":"push","userOptions":{},"isPush":true}
[2018-10-29T15:00:29.190] [DEBUG] pinus - [connector-server-1 connector.js] [connector-server-1] getSession session is created with session id: 2
[2018-10-29T15:00:29.194] [DEBUG] pinus - [connector-server-1 connector.js] session on [connector-server-1] bind with uid: test001*test
[2018-10-29T15:00:29.196] [DEBUG] pinus - [connector-server-1 channelRemote.js] [connector-server-1] pushMessage uids: ["test*test"], msg: {"user":"test001"}, sids: [1]
[2018-10-29T15:00:29.197] [DEBUG] pinus - [connector-server-1 connector.js] [connector-server-1] send message reqId: null, route: onAdd, msg: {"user":"test001"}, receivers: [1], opts: {"type":"push","userOptions":{},"isPush":true}
[2018-10-29T15:00:29.199] [DEBUG] pinus - [connector-server-1 connector.js] [connector-server-1] send message reqId: 2, route: connector.entryHandler.enter, msg: {"users":["test","test001"]}, receivers: [2], opts: {"type":"response"}
[2018-10-29T15:00:38.863] [DEBUG] pinus - [connector-server-1 channelRemote.js] [connector-server-1] pushMessage uids: ["test*test","test001*test"], msg: {"msg":"ewqfew","from":"test","target":"*"}, sids: [1,2]
[2018-10-29T15:00:38.864] [DEBUG] pinus - [connector-server-1 connector.js] [connector-server-1] send message reqId: null, route: onChat, msg: {"msg":"ewqfew","from":"test","target":"*"}, receivers: [1,2], opts: {"type":"push","userOptions":{},"isPush":true}
[2018-10-29T15:00:38.865] [DEBUG] pinus - [connector-server-1 connector.js] [connector-server-1] send message reqId: 4, route: chat.chatHandler.send, msg: {}, receivers: [1], opts: {"type":"response"}
[2018-10-29T15:00:42.348] [DEBUG] pinus - [connector-server-1 channelRemote.js] [connector-server-1] pushMessage uids: ["test*test","test001*test"], msg: {"msg":"ergvrwe","from":"test001","target":"*"}, sids: [1,2]
[2018-10-29T15:00:42.349] [DEBUG] pinus - [connector-server-1 connector.js] [connector-server-1] send message reqId: null, route: onChat, msg: {"msg":"ergvrwe","from":"test001","target":"*"}, receivers: [1,2], opts: {"type":"push","userOptions":{},"isPush":true}
[2018-10-29T15:00:42.350] [DEBUG] pinus - [connector-server-1 connector.js] [connector-server-1] send message reqId: 3, route: chat.chatHandler.send, msg: {}, receivers: [2], opts: {"type":"response"}
[2018-10-29T15:01:04.684] [DEBUG] pinus - [connector-server-1 channelRemote.js] [connector-server-1] pushMessage uids: ["test*test"], msg: {"msg":"werrf","from":"test001","target":"test"}, sids: [1]
[2018-10-29T15:01:04.685] [DEBUG] pinus - [connector-server-1 connector.js] [connector-server-1] send message reqId: null, route: onChat, msg: {"msg":"werrf","from":"test001","target":"test"}, receivers: [1], opts: {"type":"push","userOptions":{},"isPush":true}
[2018-10-29T15:01:04.686] [DEBUG] pinus - [connector-server-1 connector.js] [connector-server-1] send message reqId: 4, route: chat.chatHandler.send, msg: {}, receivers: [2], opts: {"type":"response"}
[2018-10-29T15:01:18.828] [DEBUG] pinus - [connector-server-1 channelRemote.js] [connector-server-1] pushMessage uids: ["test*test"], msg: {"msg":"sdcsd","from":"test","target":"test"}, sids: [1]
[2018-10-29T15:01:18.829] [DEBUG] pinus - [connector-server-1 connector.js] [connector-server-1] send message reqId: null, route: onChat, msg: {"msg":"sdcsd","from":"test","target":"test"}, receivers: [1], opts: {"type":"push","userOptions":{},"isPush":true}
[2018-10-29T15:01:18.830] [DEBUG] pinus - [connector-server-1 connector.js] [connector-server-1] send message reqId: 5, route: chat.chatHandler.send, msg: {}, receivers: [1], opts: {"type":"response"}
[2018-10-29T15:08:09.617] [INFO] pinus - [connector-server-1 protobuf.js] change proto file , type : "server", path : "/Users/admin/pinusChat/myWebsocketChat/game-server/dist/config/serverProtos.json", version : "2zWPnSlRsRxjqgcU215Uxg=="
[2018-10-29T15:08:15.722] [WARN] pinus - [connector-server-1 protobuf.js] change proto file error! path : "/Users/admin/pinusChat/myWebsocketChat/game-server/dist/config/serverProtos.json"
[2018-10-29T15:08:15.722] [WARN] pinus - [connector-server-1 protobuf.js] SyntaxError: Unexpected end of JSON input
[2018-10-29T15:08:15.737] [INFO] pinus - [connector-server-1 protobuf.js] change proto file , type : "server", path : "/Users/admin/pinusChat/myWebsocketChat/game-server/dist/config/serverProtos.json", version : "2zWPnSlRsRxjqgcU215Uxg=="
[2018-10-29T15:08:44.213] [INFO] pinus - [connector-server-1 application.js] application inited: "connector-server-1"
[2018-10-29T15:08:44.223] [INFO] pinus - [connector-server-1 application.js] "connector-server-1" enter before start...
[2018-10-29T15:08:44.224] [INFO] pinus - [connector-server-1 application.js] "connector-server-1" enter after start...
[2018-10-29T15:08:44.230] [INFO] pinus-admin - [connector-server-1 consoleService.js] try to connect master: "connector", "127.0.0.1", 3005
[2018-10-29T15:08:44.293] [INFO] pinus - [connector-server-1 application.js] "connector-server-1" enter after start...
[2018-10-29T15:08:44.297] [INFO] pinus - [connector-server-1 application.js] "connector-server-1" finish start
[2018-10-29T15:08:44.297] [INFO] pinus - [connector-server-1 application.js] "connector-server-1" startup in 80 ms
[2018-10-29T15:08:44.301] [WARN] logger - [connector-server-1 console] after start all server, use route dictionary :
 chat.chatHandler.send
connector.entryHandler.enter
connector.entryHandler.onUserLeave
connector.entryHandler.publish
connector.entryHandler.subscribe
gate.gateHandler.queryEntry
[2018-10-29T15:09:21.114] [DEBUG] pinus - [connector-server-1 connector.js] [connector-server-1] getSession session is created with session id: 1
[2018-10-29T15:09:21.123] [DEBUG] pinus - [connector-server-1 connector.js] session on [connector-server-1] bind with uid: test001*test
[2018-10-29T15:09:21.135] [DEBUG] pinus - [connector-server-1 connector.js] [connector-server-1] send message reqId: 6, route: connector.entryHandler.enter, msg: {"users":["test001"]}, receivers: [1], opts: {"type":"response"}
[2018-10-29T15:11:57.661] [INFO] pinus - [connector-server-1 heartbeat.js] client 1 heartbeat timeout.
[2018-10-29T15:11:57.666] [DEBUG] pinus - [connector-server-1 sessionService.js] session on [connector-server-1] is closed with session id: 1
